<?xml version="1.0" encoding="UTF-8"?>
<!-- Generated by org.testng.reporters.JUnitReportReporter -->
<testsuite hostname="snagarajan-MacBook-Pro" failures="0" tests="1" name="org.example.SimpleTest" time="0.034" errors="0" timestamp="2022-10-07T04:54:09 IST" skipped="0">
  <testcase classname="org.example.SimpleTest" name="shouldOpenElementsPage" time="0.034"/>
</testsuite> <!-- org.example.SimpleTest -->
